This file contains any messages produced by compilers while
running configure, to aid debugging if configure makes a mistake.

configure:661: checking for a BSD compatible install
configure:714: checking whether build environment is sane
configure:771: checking whether make sets ${MAKE}
configure:817: checking for working aclocal
configure:830: checking for working autoconf
configure:843: checking for working automake
configure:856: checking for working autoheader
configure:869: checking for working makeinfo
configure:889: checking whether to enable maintainer-specific portions of Makefiles
configure:922: checking host system type
configure:951: checking for arm-linux-gnu-gcc
configure:986: checking for arm-linux-gnu-objcopy
configure:1021: checking for arm-linux-gnu-ranlib
configure:1056: checking for arm-linux-gnu-ar
configure:1093: checking for gcc
configure:1206: checking whether the C compiler (arm-linux-gnu-gcc  ) works
configure:1222: arm-linux-gnu-gcc -o conftest    conftest.c  1>&5
configure:1248: checking whether the C compiler (arm-linux-gnu-gcc  ) is a cross-compiler
configure:1253: checking whether we are using GNU C
configure:1262: arm-linux-gnu-gcc -E conftest.c
configure:1281: checking whether arm-linux-gnu-gcc accepts -g
configure:1319: checking for ranlib
configure:1358: checking for a BSD compatible install
configure:1411: checking whether ln -s works
configure:1452: checking target board
configure:1714: checking if the Linux source tree in /home/wyrm/ezx/dev/originais/e680-linux/ is sane
configure:1901: checking for inline
configure:1915: arm-linux-gnu-gcc -c -g -O2 -I/home/wyrm/ezx/dev/originais/e680-linux//include  conftest.c 1>&5
configure:1948: checking for C flags to get more warnings
